Determining if the pthread_create exist failed with the following output:
Change Dir: /home/interamericana/rover_workspace/build/sbridge/CMakeFiles/CMakeTmp

Run Build Command:/usr/bin/make "cmTryCompileExec3895617253/fast"
/usr/bin/make -f CMakeFiles/cmTryCompileExec3895617253.dir/build.make CMakeFiles/cmTryCompileExec3895617253.dir/build
make[1]: Entering directory `/home/interamericana/rover_workspace/build/sbridge/CMakeFiles/CMakeTmp'
/usr/bin/cmake -E cmake_progress_report /home/interamericana/rover_workspace/build/sbridge/CMakeFiles/CMakeTmp/CMakeFiles 1
Building C object CMakeFiles/cmTryCompileExec3895617253.dir/CheckSymbolExists.c.o
/usr/bin/cc    -o CMakeFiles/cmTryCompileExec3895617253.dir/CheckSymbolExists.c.o   -c /home/interamericana/rover_workspace/build/sbridge/CMakeFiles/CMakeTmp/CheckSymbolExists.c
Linking C executable cmTryCompileExec3895617253
/usr/bin/cmake -E cmake_link_script CMakeFiles/cmTryCompileExec3895617253.dir/link.txt --verbose=1
/usr/bin/cc       CMakeFiles/cmTryCompileExec3895617253.dir/CheckSymbolExists.c.o  -o cmTryCompileExec3895617253 -rdynamic 
CMakeFiles/cmTryCompileExec3895617253.dir/CheckSymbolExists.c.o: In function `main':
CheckSymbolExists.c:(.text+0x16): undefined reference to `pthread_create'
collect2: error: ld returned 1 exit status
make[1]: *** [cmTryCompileExec3895617253] Error 1
make[1]: Leaving directory `/home/interamericana/rover_workspace/build/sbridge/CMakeFiles/CMakeTmp'
make: *** [cmTryCompileExec3895617253/fast] Error 2

File /home/interamericana/rover_workspace/build/sbridge/CMakeFiles/CMakeTmp/CheckSymbolExists.c:
/* */
#include <pthread.h>

int main(int argc, char** argv)
{
  (void)argv;
#ifndef pthread_create
  return ((int*)(&pthread_create))[argc];
#else
  (void)argc;
  return 0;
#endif
}

Determining if the function pthread_create exists in the pthreads failed with the following output:
Change Dir: /home/interamericana/rover_workspace/build/sbridge/CMakeFiles/CMakeTmp

Run Build Command:/usr/bin/make "cmTryCompileExec1342128013/fast"
/usr/bin/make -f CMakeFiles/cmTryCompileExec1342128013.dir/build.make CMakeFiles/cmTryCompileExec1342128013.dir/build
make[1]: Entering directory `/home/interamericana/rover_workspace/build/sbridge/CMakeFiles/CMakeTmp'
/usr/bin/cmake -E cmake_progress_report /home/interamericana/rover_workspace/build/sbridge/CMakeFiles/CMakeTmp/CMakeFiles 1
Building C object CMakeFiles/cmTryCompileExec1342128013.dir/CheckFunctionExists.c.o
/usr/bin/cc   -DCHECK_FUNCTION_EXISTS=pthread_create   -o CMakeFiles/cmTryCompileExec1342128013.dir/CheckFunctionExists.c.o   -c /usr/share/cmake-2.8/Modules/CheckFunctionExists.c
Linking C executable cmTryCompileExec1342128013
/usr/bin/cmake -E cmake_link_script CMakeFiles/cmTryCompileExec1342128013.dir/link.txt --verbose=1
/usr/bin/cc   -DCHECK_FUNCTION_EXISTS=pthread_create    CMakeFiles/cmTryCompileExec1342128013.dir/CheckFunctionExists.c.o  -o cmTryCompileExec1342128013 -rdynamic -lpthreads 
/usr/bin/ld: cannot find -lpthreads
collect2: error: ld returned 1 exit status
make[1]: Leaving directory `/home/interamericana/rover_workspace/build/sbridge/CMakeFiles/CMakeTmp'
make[1]: *** [cmTryCompileExec1342128013] Error 1
make: *** [cmTryCompileExec1342128013/fast] Error 2


