Determining if the pthread_create exist failed with the following output:
Change Dir: /home/interamericana/rover_workspace/build/ublox_msgs/CMakeFiles/CMakeTmp

Run Build Command:/usr/bin/make "cmTryCompileExec2025246137/fast"
/usr/bin/make -f CMakeFiles/cmTryCompileExec2025246137.dir/build.make CMakeFiles/cmTryCompileExec2025246137.dir/build
make[1]: Entering directory `/home/interamericana/rover_workspace/build/ublox_msgs/CMakeFiles/CMakeTmp'
/usr/bin/cmake -E cmake_progress_report /home/interamericana/rover_workspace/build/ublox_msgs/CMakeFiles/CMakeTmp/CMakeFiles 1
Building C object CMakeFiles/cmTryCompileExec2025246137.dir/CheckSymbolExists.c.o
/usr/bin/cc    -o CMakeFiles/cmTryCompileExec2025246137.dir/CheckSymbolExists.c.o   -c /home/interamericana/rover_workspace/build/ublox_msgs/CMakeFiles/CMakeTmp/CheckSymbolExists.c
Linking C executable cmTryCompileExec2025246137
/usr/bin/cmake -E cmake_link_script CMakeFiles/cmTryCompileExec2025246137.dir/link.txt --verbose=1
/usr/bin/cc       CMakeFiles/cmTryCompileExec2025246137.dir/CheckSymbolExists.c.o  -o cmTryCompileExec2025246137 -rdynamic 
CMakeFiles/cmTryCompileExec2025246137.dir/CheckSymbolExists.c.o: In function `main':
CheckSymbolExists.c:(.text+0x16): undefined reference to `pthread_create'
collect2: error: ld returned 1 exit status
make[1]: Leaving directory `/home/interamericana/rover_workspace/build/ublox_msgs/CMakeFiles/CMakeTmp'
make[1]: *** [cmTryCompileExec2025246137] Error 1
make: *** [cmTryCompileExec2025246137/fast] Error 2

File /home/interamericana/rover_workspace/build/ublox_msgs/CMakeFiles/CMakeTmp/CheckSymbolExists.c:
/* */
#include <pthread.h>

int main(int argc, char** argv)
{
  (void)argv;
#ifndef pthread_create
  return ((int*)(&pthread_create))[argc];
#else
  (void)argc;
  return 0;
#endif
}

Determining if the function pthread_create exists in the pthreads failed with the following output:
Change Dir: /home/interamericana/rover_workspace/build/ublox_msgs/CMakeFiles/CMakeTmp

Run Build Command:/usr/bin/make "cmTryCompileExec3154521582/fast"
/usr/bin/make -f CMakeFiles/cmTryCompileExec3154521582.dir/build.make CMakeFiles/cmTryCompileExec3154521582.dir/build
make[1]: Entering directory `/home/interamericana/rover_workspace/build/ublox_msgs/CMakeFiles/CMakeTmp'
/usr/bin/cmake -E cmake_progress_report /home/interamericana/rover_workspace/build/ublox_msgs/CMakeFiles/CMakeTmp/CMakeFiles 1
Building C object CMakeFiles/cmTryCompileExec3154521582.dir/CheckFunctionExists.c.o
/usr/bin/cc   -DCHECK_FUNCTION_EXISTS=pthread_create   -o CMakeFiles/cmTryCompileExec3154521582.dir/CheckFunctionExists.c.o   -c /usr/share/cmake-2.8/Modules/CheckFunctionExists.c
Linking C executable cmTryCompileExec3154521582
/usr/bin/cmake -E cmake_link_script CMakeFiles/cmTryCompileExec3154521582.dir/link.txt --verbose=1
/usr/bin/cc   -DCHECK_FUNCTION_EXISTS=pthread_create    CMakeFiles/cmTryCompileExec3154521582.dir/CheckFunctionExists.c.o  -o cmTryCompileExec3154521582 -rdynamic -lpthreads 
/usr/bin/ld: cannot find -lpthreads
collect2: error: ld returned 1 exit status
make[1]: *** [cmTryCompileExec3154521582] Error 1
make[1]: Leaving directory `/home/interamericana/rover_workspace/build/ublox_msgs/CMakeFiles/CMakeTmp'
make: *** [cmTryCompileExec3154521582/fast] Error 2


