Determining if the pthread_create exist failed with the following output:
Change Dir: /home/interamericana/rover_workspace/build/rqt_rover_gui/CMakeFiles/CMakeTmp

Run Build Command:/usr/bin/make "cmTryCompileExec1201797564/fast"
/usr/bin/make -f CMakeFiles/cmTryCompileExec1201797564.dir/build.make CMakeFiles/cmTryCompileExec1201797564.dir/build
make[1]: Entering directory `/home/interamericana/rover_workspace/build/rqt_rover_gui/CMakeFiles/CMakeTmp'
/usr/bin/cmake -E cmake_progress_report /home/interamericana/rover_workspace/build/rqt_rover_gui/CMakeFiles/CMakeTmp/CMakeFiles 1
Building C object CMakeFiles/cmTryCompileExec1201797564.dir/CheckSymbolExists.c.o
/usr/bin/cc    -o CMakeFiles/cmTryCompileExec1201797564.dir/CheckSymbolExists.c.o   -c /home/interamericana/rover_workspace/build/rqt_rover_gui/CMakeFiles/CMakeTmp/CheckSymbolExists.c
Linking C executable cmTryCompileExec1201797564
/usr/bin/cmake -E cmake_link_script CMakeFiles/cmTryCompileExec1201797564.dir/link.txt --verbose=1
/usr/bin/cc       CMakeFiles/cmTryCompileExec1201797564.dir/CheckSymbolExists.c.o  -o cmTryCompileExec1201797564 -rdynamic 
CMakeFiles/cmTryCompileExec1201797564.dir/CheckSymbolExists.c.o: In function `main':
CheckSymbolExists.c:(.text+0x16): undefined reference to `pthread_create'
collect2: error: ld returned 1 exit status
make[1]: *** [cmTryCompileExec1201797564] Error 1
make[1]: Leaving directory `/home/interamericana/rover_workspace/build/rqt_rover_gui/CMakeFiles/CMakeTmp'
make: *** [cmTryCompileExec1201797564/fast] Error 2

File /home/interamericana/rover_workspace/build/rqt_rover_gui/CMakeFiles/CMakeTmp/CheckSymbolExists.c:
/* */
#include <pthread.h>

int main(int argc, char** argv)
{
  (void)argv;
#ifndef pthread_create
  return ((int*)(&pthread_create))[argc];
#else
  (void)argc;
  return 0;
#endif
}

Determining if the function pthread_create exists in the pthreads failed with the following output:
Change Dir: /home/interamericana/rover_workspace/build/rqt_rover_gui/CMakeFiles/CMakeTmp

Run Build Command:/usr/bin/make "cmTryCompileExec1446081143/fast"
/usr/bin/make -f CMakeFiles/cmTryCompileExec1446081143.dir/build.make CMakeFiles/cmTryCompileExec1446081143.dir/build
make[1]: Entering directory `/home/interamericana/rover_workspace/build/rqt_rover_gui/CMakeFiles/CMakeTmp'
/usr/bin/cmake -E cmake_progress_report /home/interamericana/rover_workspace/build/rqt_rover_gui/CMakeFiles/CMakeTmp/CMakeFiles 1
Building C object CMakeFiles/cmTryCompileExec1446081143.dir/CheckFunctionExists.c.o
/usr/bin/cc   -DCHECK_FUNCTION_EXISTS=pthread_create   -o CMakeFiles/cmTryCompileExec1446081143.dir/CheckFunctionExists.c.o   -c /usr/share/cmake-2.8/Modules/CheckFunctionExists.c
Linking C executable cmTryCompileExec1446081143
/usr/bin/cmake -E cmake_link_script CMakeFiles/cmTryCompileExec1446081143.dir/link.txt --verbose=1
/usr/bin/cc   -DCHECK_FUNCTION_EXISTS=pthread_create    CMakeFiles/cmTryCompileExec1446081143.dir/CheckFunctionExists.c.o  -o cmTryCompileExec1446081143 -rdynamic -lpthreads 
/usr/bin/ld: cannot find -lpthreads
collect2: error: ld returned 1 exit status
make[1]: *** [cmTryCompileExec1446081143] Error 1
make[1]: Leaving directory `/home/interamericana/rover_workspace/build/rqt_rover_gui/CMakeFiles/CMakeTmp'
make: *** [cmTryCompileExec1446081143/fast] Error 2


Determining if the Q_WS_WIN exist failed with the following output:
Change Dir: /home/interamericana/rover_workspace/build/rqt_rover_gui/CMakeFiles/CMakeTmp

Run Build Command:/usr/bin/make "cmTryCompileExec4074111982/fast"
/usr/bin/make -f CMakeFiles/cmTryCompileExec4074111982.dir/build.make CMakeFiles/cmTryCompileExec4074111982.dir/build
make[1]: Entering directory `/home/interamericana/rover_workspace/build/rqt_rover_gui/CMakeFiles/CMakeTmp'
/usr/bin/cmake -E cmake_progress_report /home/interamericana/rover_workspace/build/rqt_rover_gui/CMakeFiles/CMakeTmp/CMakeFiles 1
Building CXX object CMakeFiles/cmTryCompileExec4074111982.dir/CheckSymbolExists.cxx.o
/usr/bin/c++    -std=c++0x   -I/usr/include/qt4    -o CMakeFiles/cmTryCompileExec4074111982.dir/CheckSymbolExists.cxx.o -c /home/interamericana/rover_workspace/build/rqt_rover_gui/CMakeFiles/CMakeTmp/CheckSymbolExists.cxx
/home/interamericana/rover_workspace/build/rqt_rover_gui/CMakeFiles/CMakeTmp/CheckSymbolExists.cxx: In function ‘int main(int, char**)’:
/home/interamericana/rover_workspace/build/rqt_rover_gui/CMakeFiles/CMakeTmp/CheckSymbolExists.cxx:8:19: error: ‘Q_WS_WIN’ was not declared in this scope
   return ((int*)(&Q_WS_WIN))[argc];
                   ^
make[1]: *** [CMakeFiles/cmTryCompileExec4074111982.dir/CheckSymbolExists.cxx.o] Error 1
make[1]: Leaving directory `/home/interamericana/rover_workspace/build/rqt_rover_gui/CMakeFiles/CMakeTmp'
make: *** [cmTryCompileExec4074111982/fast] Error 2

File /home/interamericana/rover_workspace/build/rqt_rover_gui/CMakeFiles/CMakeTmp/CheckSymbolExists.cxx:
/* */
#include <QtCore/qglobal.h>

int main(int argc, char** argv)
{
  (void)argv;
#ifndef Q_WS_WIN
  return ((int*)(&Q_WS_WIN))[argc];
#else
  (void)argc;
  return 0;
#endif
}

Determining if the Q_WS_QWS exist failed with the following output:
Change Dir: /home/interamericana/rover_workspace/build/rqt_rover_gui/CMakeFiles/CMakeTmp

Run Build Command:/usr/bin/make "cmTryCompileExec921608753/fast"
/usr/bin/make -f CMakeFiles/cmTryCompileExec921608753.dir/build.make CMakeFiles/cmTryCompileExec921608753.dir/build
make[1]: Entering directory `/home/interamericana/rover_workspace/build/rqt_rover_gui/CMakeFiles/CMakeTmp'
/usr/bin/cmake -E cmake_progress_report /home/interamericana/rover_workspace/build/rqt_rover_gui/CMakeFiles/CMakeTmp/CMakeFiles 1
Building CXX object CMakeFiles/cmTryCompileExec921608753.dir/CheckSymbolExists.cxx.o
/usr/bin/c++    -std=c++0x   -I/usr/include/qt4    -o CMakeFiles/cmTryCompileExec921608753.dir/CheckSymbolExists.cxx.o -c /home/interamericana/rover_workspace/build/rqt_rover_gui/CMakeFiles/CMakeTmp/CheckSymbolExists.cxx
/home/interamericana/rover_workspace/build/rqt_rover_gui/CMakeFiles/CMakeTmp/CheckSymbolExists.cxx: In function ‘int main(int, char**)’:
/home/interamericana/rover_workspace/build/rqt_rover_gui/CMakeFiles/CMakeTmp/CheckSymbolExists.cxx:8:19: error: ‘Q_WS_QWS’ was not declared in this scope
   return ((int*)(&Q_WS_QWS))[argc];
                   ^
make[1]: *** [CMakeFiles/cmTryCompileExec921608753.dir/CheckSymbolExists.cxx.o] Error 1
make[1]: Leaving directory `/home/interamericana/rover_workspace/build/rqt_rover_gui/CMakeFiles/CMakeTmp'
make: *** [cmTryCompileExec921608753/fast] Error 2

File /home/interamericana/rover_workspace/build/rqt_rover_gui/CMakeFiles/CMakeTmp/CheckSymbolExists.cxx:
/* */
#include <QtCore/qglobal.h>

int main(int argc, char** argv)
{
  (void)argv;
#ifndef Q_WS_QWS
  return ((int*)(&Q_WS_QWS))[argc];
#else
  (void)argc;
  return 0;
#endif
}

Determining if the Q_WS_MAC exist failed with the following output:
Change Dir: /home/interamericana/rover_workspace/build/rqt_rover_gui/CMakeFiles/CMakeTmp

Run Build Command:/usr/bin/make "cmTryCompileExec1214377842/fast"
/usr/bin/make -f CMakeFiles/cmTryCompileExec1214377842.dir/build.make CMakeFiles/cmTryCompileExec1214377842.dir/build
make[1]: Entering directory `/home/interamericana/rover_workspace/build/rqt_rover_gui/CMakeFiles/CMakeTmp'
/usr/bin/cmake -E cmake_progress_report /home/interamericana/rover_workspace/build/rqt_rover_gui/CMakeFiles/CMakeTmp/CMakeFiles 1
Building CXX object CMakeFiles/cmTryCompileExec1214377842.dir/CheckSymbolExists.cxx.o
/usr/bin/c++    -std=c++0x   -I/usr/include/qt4    -o CMakeFiles/cmTryCompileExec1214377842.dir/CheckSymbolExists.cxx.o -c /home/interamericana/rover_workspace/build/rqt_rover_gui/CMakeFiles/CMakeTmp/CheckSymbolExists.cxx
/home/interamericana/rover_workspace/build/rqt_rover_gui/CMakeFiles/CMakeTmp/CheckSymbolExists.cxx: In function ‘int main(int, char**)’:
/home/interamericana/rover_workspace/build/rqt_rover_gui/CMakeFiles/CMakeTmp/CheckSymbolExists.cxx:8:19: error: ‘Q_WS_MAC’ was not declared in this scope
   return ((int*)(&Q_WS_MAC))[argc];
                   ^
make[1]: *** [CMakeFiles/cmTryCompileExec1214377842.dir/CheckSymbolExists.cxx.o] Error 1
make[1]: Leaving directory `/home/interamericana/rover_workspace/build/rqt_rover_gui/CMakeFiles/CMakeTmp'
make: *** [cmTryCompileExec1214377842/fast] Error 2

File /home/interamericana/rover_workspace/build/rqt_rover_gui/CMakeFiles/CMakeTmp/CheckSymbolExists.cxx:
/* */
#include <QtCore/qglobal.h>

int main(int argc, char** argv)
{
  (void)argv;
#ifndef Q_WS_MAC
  return ((int*)(&Q_WS_MAC))[argc];
#else
  (void)argc;
  return 0;
#endif
}

