Determining if the pthread_create exist failed with the following output:
Change Dir: /home/interamericana/rover_workspace/build/gazebo_plugins/CMakeFiles/CMakeTmp

Run Build Command:/usr/bin/make "cmTryCompileExec249026582/fast"
/usr/bin/make -f CMakeFiles/cmTryCompileExec249026582.dir/build.make CMakeFiles/cmTryCompileExec249026582.dir/build
make[1]: Entering directory `/home/interamericana/rover_workspace/build/gazebo_plugins/CMakeFiles/CMakeTmp'
/usr/bin/cmake -E cmake_progress_report /home/interamericana/rover_workspace/build/gazebo_plugins/CMakeFiles/CMakeTmp/CMakeFiles 1
Building C object CMakeFiles/cmTryCompileExec249026582.dir/CheckSymbolExists.c.o
/usr/bin/cc    -o CMakeFiles/cmTryCompileExec249026582.dir/CheckSymbolExists.c.o   -c /home/interamericana/rover_workspace/build/gazebo_plugins/CMakeFiles/CMakeTmp/CheckSymbolExists.c
Linking C executable cmTryCompileExec249026582
/usr/bin/cmake -E cmake_link_script CMakeFiles/cmTryCompileExec249026582.dir/link.txt --verbose=1
/usr/bin/cc       CMakeFiles/cmTryCompileExec249026582.dir/CheckSymbolExists.c.o  -o cmTryCompileExec249026582 -rdynamic 
CMakeFiles/cmTryCompileExec249026582.dir/CheckSymbolExists.c.o: In function `main':
CheckSymbolExists.c:(.text+0x16): undefined reference to `pthread_create'
collect2: error: ld returned 1 exit status
make[1]: *** [cmTryCompileExec249026582] Error 1
make[1]: Leaving directory `/home/interamericana/rover_workspace/build/gazebo_plugins/CMakeFiles/CMakeTmp'
make: *** [cmTryCompileExec249026582/fast] Error 2

File /home/interamericana/rover_workspace/build/gazebo_plugins/CMakeFiles/CMakeTmp/CheckSymbolExists.c:
/* */
#include <pthread.h>

int main(int argc, char** argv)
{
  (void)argv;
#ifndef pthread_create
  return ((int*)(&pthread_create))[argc];
#else
  (void)argc;
  return 0;
#endif
}

Determining if the function pthread_create exists in the pthreads failed with the following output:
Change Dir: /home/interamericana/rover_workspace/build/gazebo_plugins/CMakeFiles/CMakeTmp

Run Build Command:/usr/bin/make "cmTryCompileExec354449969/fast"
/usr/bin/make -f CMakeFiles/cmTryCompileExec354449969.dir/build.make CMakeFiles/cmTryCompileExec354449969.dir/build
make[1]: Entering directory `/home/interamericana/rover_workspace/build/gazebo_plugins/CMakeFiles/CMakeTmp'
/usr/bin/cmake -E cmake_progress_report /home/interamericana/rover_workspace/build/gazebo_plugins/CMakeFiles/CMakeTmp/CMakeFiles 1
Building C object CMakeFiles/cmTryCompileExec354449969.dir/CheckFunctionExists.c.o
/usr/bin/cc   -DCHECK_FUNCTION_EXISTS=pthread_create   -o CMakeFiles/cmTryCompileExec354449969.dir/CheckFunctionExists.c.o   -c /usr/share/cmake-2.8/Modules/CheckFunctionExists.c
Linking C executable cmTryCompileExec354449969
/usr/bin/cmake -E cmake_link_script CMakeFiles/cmTryCompileExec354449969.dir/link.txt --verbose=1
/usr/bin/cc   -DCHECK_FUNCTION_EXISTS=pthread_create    CMakeFiles/cmTryCompileExec354449969.dir/CheckFunctionExists.c.o  -o cmTryCompileExec354449969 -rdynamic -lpthreads 
/usr/bin/ld: cannot find -lpthreads
collect2: error: ld returned 1 exit status
make[1]: *** [cmTryCompileExec354449969] Error 1
make[1]: Leaving directory `/home/interamericana/rover_workspace/build/gazebo_plugins/CMakeFiles/CMakeTmp'
make: *** [cmTryCompileExec354449969/fast] Error 2


