Determining if the pthread_create exist failed with the following output:
Change Dir: /home/interamericana/rover_workspace/build/abridge/CMakeFiles/CMakeTmp

Run Build Command:/usr/bin/make "cmTryCompileExec804125021/fast"
/usr/bin/make -f CMakeFiles/cmTryCompileExec804125021.dir/build.make CMakeFiles/cmTryCompileExec804125021.dir/build
make[1]: Entering directory `/home/interamericana/rover_workspace/build/abridge/CMakeFiles/CMakeTmp'
/usr/bin/cmake -E cmake_progress_report /home/interamericana/rover_workspace/build/abridge/CMakeFiles/CMakeTmp/CMakeFiles 1
Building C object CMakeFiles/cmTryCompileExec804125021.dir/CheckSymbolExists.c.o
/usr/bin/cc    -o CMakeFiles/cmTryCompileExec804125021.dir/CheckSymbolExists.c.o   -c /home/interamericana/rover_workspace/build/abridge/CMakeFiles/CMakeTmp/CheckSymbolExists.c
Linking C executable cmTryCompileExec804125021
/usr/bin/cmake -E cmake_link_script CMakeFiles/cmTryCompileExec804125021.dir/link.txt --verbose=1
/usr/bin/cc       CMakeFiles/cmTryCompileExec804125021.dir/CheckSymbolExists.c.o  -o cmTryCompileExec804125021 -rdynamic 
CMakeFiles/cmTryCompileExec804125021.dir/CheckSymbolExists.c.o: In function `main':
CheckSymbolExists.c:(.text+0x16): undefined reference to `pthread_create'
collect2: error: ld returned 1 exit status
make[1]: Leaving directory `/home/interamericana/rover_workspace/build/abridge/CMakeFiles/CMakeTmp'
make[1]: *** [cmTryCompileExec804125021] Error 1
make: *** [cmTryCompileExec804125021/fast] Error 2

File /home/interamericana/rover_workspace/build/abridge/CMakeFiles/CMakeTmp/CheckSymbolExists.c:
/* */
#include <pthread.h>

int main(int argc, char** argv)
{
  (void)argv;
#ifndef pthread_create
  return ((int*)(&pthread_create))[argc];
#else
  (void)argc;
  return 0;
#endif
}

Determining if the function pthread_create exists in the pthreads failed with the following output:
Change Dir: /home/interamericana/rover_workspace/build/abridge/CMakeFiles/CMakeTmp

Run Build Command:/usr/bin/make "cmTryCompileExec3218512117/fast"
/usr/bin/make -f CMakeFiles/cmTryCompileExec3218512117.dir/build.make CMakeFiles/cmTryCompileExec3218512117.dir/build
make[1]: Entering directory `/home/interamericana/rover_workspace/build/abridge/CMakeFiles/CMakeTmp'
/usr/bin/cmake -E cmake_progress_report /home/interamericana/rover_workspace/build/abridge/CMakeFiles/CMakeTmp/CMakeFiles 1
Building C object CMakeFiles/cmTryCompileExec3218512117.dir/CheckFunctionExists.c.o
/usr/bin/cc   -DCHECK_FUNCTION_EXISTS=pthread_create   -o CMakeFiles/cmTryCompileExec3218512117.dir/CheckFunctionExists.c.o   -c /usr/share/cmake-2.8/Modules/CheckFunctionExists.c
Linking C executable cmTryCompileExec3218512117
/usr/bin/cmake -E cmake_link_script CMakeFiles/cmTryCompileExec3218512117.dir/link.txt --verbose=1
/usr/bin/cc   -DCHECK_FUNCTION_EXISTS=pthread_create    CMakeFiles/cmTryCompileExec3218512117.dir/CheckFunctionExists.c.o  -o cmTryCompileExec3218512117 -rdynamic -lpthreads 
/usr/bin/ld: cannot find -lpthreads
collect2: error: ld returned 1 exit status
make[1]: *** [cmTryCompileExec3218512117] Error 1
make[1]: Leaving directory `/home/interamericana/rover_workspace/build/abridge/CMakeFiles/CMakeTmp'
make: *** [cmTryCompileExec3218512117/fast] Error 2


