Determining if the pthread_create exist failed with the following output:
Change Dir: /home/interamericana/rover_workspace/build/obstacle_detection/CMakeFiles/CMakeTmp

Run Build Command:/usr/bin/make "cmTryCompileExec355939152/fast"
/usr/bin/make -f CMakeFiles/cmTryCompileExec355939152.dir/build.make CMakeFiles/cmTryCompileExec355939152.dir/build
make[1]: Entering directory `/home/interamericana/rover_workspace/build/obstacle_detection/CMakeFiles/CMakeTmp'
/usr/bin/cmake -E cmake_progress_report /home/interamericana/rover_workspace/build/obstacle_detection/CMakeFiles/CMakeTmp/CMakeFiles 1
Building C object CMakeFiles/cmTryCompileExec355939152.dir/CheckSymbolExists.c.o
/usr/bin/cc    -o CMakeFiles/cmTryCompileExec355939152.dir/CheckSymbolExists.c.o   -c /home/interamericana/rover_workspace/build/obstacle_detection/CMakeFiles/CMakeTmp/CheckSymbolExists.c
Linking C executable cmTryCompileExec355939152
/usr/bin/cmake -E cmake_link_script CMakeFiles/cmTryCompileExec355939152.dir/link.txt --verbose=1
/usr/bin/cc       CMakeFiles/cmTryCompileExec355939152.dir/CheckSymbolExists.c.o  -o cmTryCompileExec355939152 -rdynamic 
CMakeFiles/cmTryCompileExec355939152.dir/CheckSymbolExists.c.o: In function `main':
CheckSymbolExists.c:(.text+0x16): undefined reference to `pthread_create'
collect2: error: ld returned 1 exit status
make[1]: *** [cmTryCompileExec355939152] Error 1
make[1]: Leaving directory `/home/interamericana/rover_workspace/build/obstacle_detection/CMakeFiles/CMakeTmp'
make: *** [cmTryCompileExec355939152/fast] Error 2

File /home/interamericana/rover_workspace/build/obstacle_detection/CMakeFiles/CMakeTmp/CheckSymbolExists.c:
/* */
#include <pthread.h>

int main(int argc, char** argv)
{
  (void)argv;
#ifndef pthread_create
  return ((int*)(&pthread_create))[argc];
#else
  (void)argc;
  return 0;
#endif
}

Determining if the function pthread_create exists in the pthreads failed with the following output:
Change Dir: /home/interamericana/rover_workspace/build/obstacle_detection/CMakeFiles/CMakeTmp

Run Build Command:/usr/bin/make "cmTryCompileExec3909676003/fast"
/usr/bin/make -f CMakeFiles/cmTryCompileExec3909676003.dir/build.make CMakeFiles/cmTryCompileExec3909676003.dir/build
make[1]: Entering directory `/home/interamericana/rover_workspace/build/obstacle_detection/CMakeFiles/CMakeTmp'
/usr/bin/cmake -E cmake_progress_report /home/interamericana/rover_workspace/build/obstacle_detection/CMakeFiles/CMakeTmp/CMakeFiles 1
Building C object CMakeFiles/cmTryCompileExec3909676003.dir/CheckFunctionExists.c.o
/usr/bin/cc   -DCHECK_FUNCTION_EXISTS=pthread_create   -o CMakeFiles/cmTryCompileExec3909676003.dir/CheckFunctionExists.c.o   -c /usr/share/cmake-2.8/Modules/CheckFunctionExists.c
Linking C executable cmTryCompileExec3909676003
/usr/bin/cmake -E cmake_link_script CMakeFiles/cmTryCompileExec3909676003.dir/link.txt --verbose=1
/usr/bin/cc   -DCHECK_FUNCTION_EXISTS=pthread_create    CMakeFiles/cmTryCompileExec3909676003.dir/CheckFunctionExists.c.o  -o cmTryCompileExec3909676003 -rdynamic -lpthreads 
/usr/bin/ld: cannot find -lpthreads
collect2: error: ld returned 1 exit status
make[1]: *** [cmTryCompileExec3909676003] Error 1
make[1]: Leaving directory `/home/interamericana/rover_workspace/build/obstacle_detection/CMakeFiles/CMakeTmp'
make: *** [cmTryCompileExec3909676003/fast] Error 2


