Determining if the pthread_create exist failed with the following output:
Change Dir: /home/interamericana/rover_workspace/build/ublox_gps/CMakeFiles/CMakeTmp

Run Build Command:/usr/bin/make "cmTryCompileExec4193028835/fast"
/usr/bin/make -f CMakeFiles/cmTryCompileExec4193028835.dir/build.make CMakeFiles/cmTryCompileExec4193028835.dir/build
make[1]: Entering directory `/home/interamericana/rover_workspace/build/ublox_gps/CMakeFiles/CMakeTmp'
/usr/bin/cmake -E cmake_progress_report /home/interamericana/rover_workspace/build/ublox_gps/CMakeFiles/CMakeTmp/CMakeFiles 1
Building C object CMakeFiles/cmTryCompileExec4193028835.dir/CheckSymbolExists.c.o
/usr/bin/cc    -o CMakeFiles/cmTryCompileExec4193028835.dir/CheckSymbolExists.c.o   -c /home/interamericana/rover_workspace/build/ublox_gps/CMakeFiles/CMakeTmp/CheckSymbolExists.c
Linking C executable cmTryCompileExec4193028835
/usr/bin/cmake -E cmake_link_script CMakeFiles/cmTryCompileExec4193028835.dir/link.txt --verbose=1
/usr/bin/cc       CMakeFiles/cmTryCompileExec4193028835.dir/CheckSymbolExists.c.o  -o cmTryCompileExec4193028835 -rdynamic 
CMakeFiles/cmTryCompileExec4193028835.dir/CheckSymbolExists.c.o: In function `main':
CheckSymbolExists.c:(.text+0x16): undefined reference to `pthread_create'
collect2: error: ld returned 1 exit status
make[1]: *** [cmTryCompileExec4193028835] Error 1
make[1]: Leaving directory `/home/interamericana/rover_workspace/build/ublox_gps/CMakeFiles/CMakeTmp'
make: *** [cmTryCompileExec4193028835/fast] Error 2

File /home/interamericana/rover_workspace/build/ublox_gps/CMakeFiles/CMakeTmp/CheckSymbolExists.c:
/* */
#include <pthread.h>

int main(int argc, char** argv)
{
  (void)argv;
#ifndef pthread_create
  return ((int*)(&pthread_create))[argc];
#else
  (void)argc;
  return 0;
#endif
}

Determining if the function pthread_create exists in the pthreads failed with the following output:
Change Dir: /home/interamericana/rover_workspace/build/ublox_gps/CMakeFiles/CMakeTmp

Run Build Command:/usr/bin/make "cmTryCompileExec373397299/fast"
/usr/bin/make -f CMakeFiles/cmTryCompileExec373397299.dir/build.make CMakeFiles/cmTryCompileExec373397299.dir/build
make[1]: Entering directory `/home/interamericana/rover_workspace/build/ublox_gps/CMakeFiles/CMakeTmp'
/usr/bin/cmake -E cmake_progress_report /home/interamericana/rover_workspace/build/ublox_gps/CMakeFiles/CMakeTmp/CMakeFiles 1
Building C object CMakeFiles/cmTryCompileExec373397299.dir/CheckFunctionExists.c.o
/usr/bin/cc   -DCHECK_FUNCTION_EXISTS=pthread_create   -o CMakeFiles/cmTryCompileExec373397299.dir/CheckFunctionExists.c.o   -c /usr/share/cmake-2.8/Modules/CheckFunctionExists.c
Linking C executable cmTryCompileExec373397299
/usr/bin/cmake -E cmake_link_script CMakeFiles/cmTryCompileExec373397299.dir/link.txt --verbose=1
/usr/bin/cc   -DCHECK_FUNCTION_EXISTS=pthread_create    CMakeFiles/cmTryCompileExec373397299.dir/CheckFunctionExists.c.o  -o cmTryCompileExec373397299 -rdynamic -lpthreads 
/usr/bin/ld: cannot find -lpthreads
collect2: error: ld returned 1 exit status
make[1]: *** [cmTryCompileExec373397299] Error 1
make[1]: Leaving directory `/home/interamericana/rover_workspace/build/ublox_gps/CMakeFiles/CMakeTmp'
make: *** [cmTryCompileExec373397299/fast] Error 2


