Determining if the pthread_create exist failed with the following output:
Change Dir: /home/interamericana/rover_workspace/build/ublox_serialization/CMakeFiles/CMakeTmp

Run Build Command:/usr/bin/make "cmTryCompileExec172548061/fast"
/usr/bin/make -f CMakeFiles/cmTryCompileExec172548061.dir/build.make CMakeFiles/cmTryCompileExec172548061.dir/build
make[1]: Entering directory `/home/interamericana/rover_workspace/build/ublox_serialization/CMakeFiles/CMakeTmp'
/usr/bin/cmake -E cmake_progress_report /home/interamericana/rover_workspace/build/ublox_serialization/CMakeFiles/CMakeTmp/CMakeFiles 1
Building C object CMakeFiles/cmTryCompileExec172548061.dir/CheckSymbolExists.c.o
/usr/bin/cc    -o CMakeFiles/cmTryCompileExec172548061.dir/CheckSymbolExists.c.o   -c /home/interamericana/rover_workspace/build/ublox_serialization/CMakeFiles/CMakeTmp/CheckSymbolExists.c
Linking C executable cmTryCompileExec172548061
/usr/bin/cmake -E cmake_link_script CMakeFiles/cmTryCompileExec172548061.dir/link.txt --verbose=1
/usr/bin/cc       CMakeFiles/cmTryCompileExec172548061.dir/CheckSymbolExists.c.o  -o cmTryCompileExec172548061 -rdynamic 
CMakeFiles/cmTryCompileExec172548061.dir/CheckSymbolExists.c.o: In function `main':
CheckSymbolExists.c:(.text+0x16): undefined reference to `pthread_create'
collect2: error: ld returned 1 exit status
make[1]: *** [cmTryCompileExec172548061] Error 1
make[1]: Leaving directory `/home/interamericana/rover_workspace/build/ublox_serialization/CMakeFiles/CMakeTmp'
make: *** [cmTryCompileExec172548061/fast] Error 2

File /home/interamericana/rover_workspace/build/ublox_serialization/CMakeFiles/CMakeTmp/CheckSymbolExists.c:
/* */
#include <pthread.h>

int main(int argc, char** argv)
{
  (void)argv;
#ifndef pthread_create
  return ((int*)(&pthread_create))[argc];
#else
  (void)argc;
  return 0;
#endif
}

Determining if the function pthread_create exists in the pthreads failed with the following output:
Change Dir: /home/interamericana/rover_workspace/build/ublox_serialization/CMakeFiles/CMakeTmp

Run Build Command:/usr/bin/make "cmTryCompileExec4242301301/fast"
/usr/bin/make -f CMakeFiles/cmTryCompileExec4242301301.dir/build.make CMakeFiles/cmTryCompileExec4242301301.dir/build
make[1]: Entering directory `/home/interamericana/rover_workspace/build/ublox_serialization/CMakeFiles/CMakeTmp'
/usr/bin/cmake -E cmake_progress_report /home/interamericana/rover_workspace/build/ublox_serialization/CMakeFiles/CMakeTmp/CMakeFiles 1
Building C object CMakeFiles/cmTryCompileExec4242301301.dir/CheckFunctionExists.c.o
/usr/bin/cc   -DCHECK_FUNCTION_EXISTS=pthread_create   -o CMakeFiles/cmTryCompileExec4242301301.dir/CheckFunctionExists.c.o   -c /usr/share/cmake-2.8/Modules/CheckFunctionExists.c
Linking C executable cmTryCompileExec4242301301
/usr/bin/cmake -E cmake_link_script CMakeFiles/cmTryCompileExec4242301301.dir/link.txt --verbose=1
/usr/bin/cc   -DCHECK_FUNCTION_EXISTS=pthread_create    CMakeFiles/cmTryCompileExec4242301301.dir/CheckFunctionExists.c.o  -o cmTryCompileExec4242301301 -rdynamic -lpthreads 
/usr/bin/ld: cannot find -lpthreads
collect2: error: ld returned 1 exit status
make[1]: Leaving directory `/home/interamericana/rover_workspace/build/ublox_serialization/CMakeFiles/CMakeTmp'
make[1]: *** [cmTryCompileExec4242301301] Error 1
make: *** [cmTryCompileExec4242301301/fast] Error 2


